<?xml version="1.0" encoding="UTF-8"?>
<!-- Generated by org.testng.reporters.JUnitReportReporter -->
<testsuite hostname="tha-MacBook-Air-2.local" failures="0" tests="1" name="test.java.tests.SauceDemoTest" time="4.557" errors="0" timestamp="2025-06-25T00:38:19 GMT+07:00" skipped="0">
  <testcase classname="test.java.tests.SauceDemoTest" name="testScenario1_AddTwoProductsAndCheckout" time="4.557"/>
</testsuite> <!-- test.java.tests.SauceDemoTest -->
