<?xml version="1.0" encoding="UTF-8"?>
<!-- Generated by org.testng.reporters.JUnitReportReporter -->
<testsuite hostname="tha-MacBook-Air-2.local" failures="0" tests="1" name="test.java.tests.Scenario2Test" time="3.811" errors="0" timestamp="2025-06-24T20:09:29 GMT+07:00" skipped="0">
  <testcase classname="test.java.tests.Scenario2Test" name="testLockedOutUserLogin" time="3.811"/>
</testsuite> <!-- test.java.tests.Scenario2Test -->
