<?xml version="1.0" encoding="UTF-8"?>
<!-- Generated by org.testng.reporters.JUnitReportReporter -->
<testsuite hostname="tha-MacBook-Air-2.local" failures="0" tests="2" name="test.java.tests.LoginPageTest" time="6.280" errors="0" timestamp="2025-06-24T21:02:06 GMT+07:00" skipped="0">
  <testcase classname="test.java.tests.LoginPageTest" name="testLoginWithValidUser" time="1.481"/>
  <testcase classname="test.java.tests.LoginPageTest" name="testLoginWithLockedOutUser" time="4.799"/>
</testsuite> <!-- test.java.tests.LoginPageTest -->
