<?xml version="1.0" encoding="UTF-8"?>
<!-- Generated by org.testng.reporters.JUnitReportReporter -->
<testsuite hostname="tha-MacBook-Air-2.local" failures="0" tests="1" name="tests.TestScenario2" time="2.098" errors="0" timestamp="2025-06-27T12:51:11 GMT+07:00" skipped="0">
  <testcase classname="tests.TestScenario2" name="testLockedOutUserCannotLogin" time="2.098"/>
</testsuite> <!-- tests.TestScenario2 -->
