<?xml version="1.0" encoding="UTF-8"?>
<!-- Generated by org.testng.reporters.JUnitReportReporter -->
<testsuite hostname="tha-MacBook-Air-2.local" failures="0" tests="1" name="tests.TestScenario1" time="4.057" errors="0" timestamp="2025-06-27T12:50:42 GMT+07:00" skipped="0">
  <testcase classname="tests.TestScenario1" name="testScenario1_AddTwoProductsAndCheckout" time="4.057"/>
</testsuite> <!-- tests.TestScenario1 -->
