<?xml version="1.0" encoding="UTF-8"?>
<!-- Generated by org.testng.reporters.JUnitReportReporter -->
<testsuite hostname="tha-MacBook-Air-2.local" failures="0" tests="1" name="test.java.tests.TestScenario1" time="4.864" errors="0" timestamp="2025-06-26T00:09:06 GMT+07:00" skipped="0">
  <testcase classname="test.java.tests.TestScenario1" name="testScenario1_AddTwoProductsAndCheckout" time="4.864"/>
</testsuite> <!-- test.java.tests.TestScenario1 -->
