<?xml version="1.0" encoding="UTF-8"?>
<!-- Generated by org.testng.reporters.JUnitReportReporter -->
<testsuite hostname="tha-MacBook-Air-2.local" failures="0" tests="1" name="test.java.tests.TestScenario2" time="2.360" errors="0" timestamp="2025-06-26T00:04:00 GMT+07:00" skipped="0">
  <testcase classname="test.java.tests.TestScenario2" name="testLockedOutUserCannotLogin" time="2.360"/>
</testsuite> <!-- test.java.tests.TestScenario2 -->
